[Licensing::Module] Trying to connect to existing licensing client channel...
Built from '6000.4/staging' branch; Version is '6000.4.10f1 (feeafc12a938) revision 16706300'; Using compiler version '194234433'; Build Type 'Release'
[Licensing::IpcConnector] Successfully connected to: "LicenseClient-udaya" at "2026-06-23T17:42:56.1145125Z"
OS: 'Windows 11  (10.0.26200) CoreSingleLanguage' Language: 'en' Physical Memory: 16052 MB
BatchMode: 1, IsHumanControllingUs: 0, StartBugReporterOnCrash: 0, Is64bit: 1
System  architecture: x64
Process architecture: x64
Date: 2026-06-23T17:42:56Z

COMMAND LINE ARGUMENTS:
C:\Program Files\Unity\Hub\Editor\6000.4.10f1\Editor\Unity.exe
-adb2
-batchMode
-noUpm
-name
AssetImportWorker5
-projectPath
C:/unity game dev/VR-Emergency-Response-Trainer-2026-06-16-16-13-52
-logFile
Logs/AssetImportWorker5.log
-srvPort
60267
-licensingIpc
LicenseClient-udaya
-force-d3d12
-job-worker-count
5
-background-job-worker-count
8
-gc-helper-count
1
-name
AssetImport
Successfully changed project path to: C:/unity game dev/VR-Emergency-Response-Trainer-2026-06-16-16-13-52
C:/unity game dev/VR-Emergency-Response-Trainer-2026-06-16-16-13-52
[UnityMemory] Configuration Parameters - Can be set up in boot.config
    "memorysetup-temp-allocator-size-gi-baking-worker=262144"
    "memorysetup-temp-allocator-size-gi-baking-worker=262144"
    "memorysetup-temp-allocator-size-gi-baking-worker=262144"
    "memorysetup-temp-allocator-size-gi-baking-worker=262144"
    "memorysetup-temp-allocator-size-gi-baking-worker=262144"
    "memorysetup-temp-allocator-size-nav-mesh-worker=65536"
    "memorysetup-temp-allocator-size-audio-worker=65536"
    "memorysetup-temp-allocator-size-cloud-worker=32768"
    "memorysetup-temp-allocator-size-gfx=262144"
    "memorysetup-temp-allocator-size-preload-manager=33554432"
    "memorysetup-temp-allocator-size-job-worker=262144"
    "memorysetup-temp-allocator-size-background-worker=32768"
    "memorysetup-allocator-temp-initial-block-size-main=262144"
    "memorysetup-allocator-temp-initial-block-size-worker=262144"
    "memorysetup-bucket-allocator-granularity=16"
    "memorysetup-bucket-allocator-bucket-count=8"
    "memorysetup-bucket-allocator-block-size=33554432"
    "memorysetup-bucket-allocator-block-count=8"
    "memorysetup-main-allocator-block-size=16777216"
    "memorysetup-thread-allocator-block-size=16777216"
    "memorysetup-gfx-main-allocator-block-size=16777216"
    "memorysetup-gfx-thread-allocator-block-size=16777216"
    "memorysetup-cache-allocator-block-size=4194304"
    "memorysetup-typetree-allocator-block-size=2097152"
    "memorysetup-profiler-bucket-allocator-granularity=16"
    "memorysetup-profiler-bucket-allocator-bucket-count=8"
    "memorysetup-profiler-bucket-allocator-block-size=33554432"
    "memorysetup-profiler-bucket-allocator-block-count=8"
    "memorysetup-profiler-allocator-block-size=16777216"
    "memorysetup-profiler-editor-allocator-block-size=1048576"
    "memorysetup-temp-allocator-size-main=16777216"
    "memorysetup-job-temp-allocator-block-size=2097152"
    "memorysetup-job-temp-allocator-block-size-background=1048576"
    "memorysetup-job-temp-allocator-reduction-small-platforms=262144"
Player connection [7084]  Target information:

Player connection [7084]  * "[IP] 192.168.56.1 [Port] 0 [Flags] 2 [Guid] 3746777909 [EditorId] 3746777909 [Version] 1048832 [Id] WindowsEditor(7,RAYAUDAYABHASKARREDDY) [Debug] 1 [PackageName] WindowsEditor [ProjectName] Editor" 

Player connection [7084]  * "[IP] 192.168.0.9 [Port] 0 [Flags] 2 [Guid] 3746777909 [EditorId] 3746777909 [Version] 1048832 [Id] WindowsEditor(7,RAYAUDAYABHASKARREDDY) [Debug] 1 [PackageName] WindowsEditor [ProjectName] Editor" 

Player connection [7084] Host joined multi-casting on [225.0.0.222:54997]...
Player connection [7084] Host joined alternative multi-casting on [225.0.0.222:34997]...
JobSystem: Creating JobQueue using job-worker-count value 5
Input System module state changed to: Initialized.
[Physics::Module] Initialized fallback backend.
[Physics::Module] Id: 0xdecafbad
Library Redirect Path: Library/
[Physics::Module] Selected backend.
[Physics::Module] Name: PhysX
[Physics::Module] Id: 0xf2b8ea05
[Physics::Module] SDK Version: 4.1.2
[Physics::Module] Integration Version: 1.0.0
[Physics::Module] Threading Mode: Multi-Threaded
Refreshing native plugins compatible for Editor in 28.83 ms, found 10 plugins.
Initialize engine version: 6000.4.10f1 (feeafc12a938)
[Subsystems] Discovering subsystems at path C:/Program Files/Unity/Hub/Editor/6000.4.10f1/Editor/Data/Resources/UnitySubsystems
[Subsystems] Discovering subsystems at path C:/unity game dev/VR-Emergency-Response-Trainer-2026-06-16-16-13-52/Assets
Forcing GfxDevice: Direct3D 12
GfxDevice: creating device client; kGfxThreadingModeNonThreaded
d3d12: failed to query info queue interface (0x80004002).
Direct3D:
    Version:         Direct3D 12 [level 12.2]
    Renderer:        NVIDIA GeForce RTX 3050 Laptop GPU (ID=0x25a2)
    Vendor:          NVIDIA
    VRAM:            3962 MB
    App VRAM Budget: 3367 MB
    Driver:          32.0.15.9621
Initialize mono
Mono path[0] = 'C:/Program Files/Unity/Hub/Editor/6000.4.10f1/Editor/Data/Managed'
Mono path[1] = 'C:/Program Files/Unity/Hub/Editor/6000.4.10f1/Editor/Data/MonoBleedingEdge/lib/mono/unityjit-win32'
Mono config path = 'C:/Program Files/Unity/Hub/Editor/6000.4.10f1/Editor/Data/MonoBleedingEdge/etc'
Using monoOptions --debugger-agent=transport=dt_socket,embedding=1,server=y,suspend=n,address=127.0.0.1:56624
CodeReloadManager initialized
Begin MonoManager ReloadAssembly
Registering precompiled unity dll's ...
Register platform support module: C:/Program Files/Unity/Hub/Editor/6000.4.10f1/Editor/Data/PlaybackEngines/WebGLSupport/UnityEditor.WebGL.Extensions.dll
[Licensing::Module] Licensing is not yet initialized.
[Licensing::Client] Error: HandshakeResponse reported an error:
	ResponseCode: 505
	ResponseStatus: Unsupported protocol version '1.18.1'.
[Licensing::Module] Error: Failed to handshake to channel: "LicenseClient-udaya"
[Licensing::IpcConnector] LicenseClient-udaya channel disconnected successfully.
[Licensing::IpcConnector] Successfully connected to: "LicenseClient-udaya-6000.4.10" at "2026-06-23T17:42:58.8424707Z"
[Licensing::Client] Code 10 while verifying Licensing Client signature (process Id: 13548, path: "C:/Program Files/Unity/Hub/Editor/6000.4.10f1/Editor/Data/Resources/Licensing/Client/Unity.Licensing.Client.exe")
[Licensing::Module] LicensingClient has failed validation; ignoring
[Licensing::Client] Handshaking with LicensingClient:
  Version:                 1.18.1+9fbee8e
  Session Id:              af830678ca5242ce8a1d44a615247f91
  Correlation Id:          4a2baf48daeadd0032cfa099fc7a2e97
  External correlation Id: 1037078208908415717
  Machine Id:              p6rauLx5P9NsHxyygcZGPbWIwzk=
[Licensing::Module] Successfully connected to LicensingClient on channel: "LicenseClient-udaya-6000.4.10" (connect: 0.00s, validation: 0.00s, handshake: 0.01s)
[Licensing::IpcConnector] Successfully connected to: "LicenseClient-udaya-6000.4.10-notifications" at "2026-06-23T17:42:58.8565957Z"
[Licensing::Module] Licensing Background thread has ended after 2.74s
[Licensing::Module] Licensing is initialized (took 1.30s).
[Licensing::Client] Successfully resolved entitlement details
[Licensing::Module] License group:
  Id: F4-678F-VZHJ-78WJ-A7TE-XXXX
  Product: Unity Personal
  Type: ULF
  Expiration: 2026-07-30T17:46:55Z
[Licensing::Module] License group:
  Id: 13469855932343-UnityPersXXXX
  Product: Unity Personal
  Type: Assigned
  Expiration: Unlimited
Register platform support module: C:/Program Files/Unity/Hub/Editor/6000.4.10f1/Editor/Data/PlaybackEngines/VisionOSPlayer/UnityEditor.VisionOS.Extensions.dll
Register platform support module: C:/Program Files/Unity/Hub/Editor/6000.4.10f1/Editor/Data/PlaybackEngines/WindowsStandaloneSupport/UnityEditor.WindowsStandalone.Extensions.dll
[Licensing::Client] Successfully resolved entitlement details
[Licensing::Module] License group:
  Id: F4-678F-VZHJ-78WJ-A7TE-XXXX
  Product: Unity Personal
  Type: ULF
  Expiration: 2026-07-30T17:46:55Z
[Licensing::Module] License group:
  Id: 13469855932343-UnityPersXXXX
  Product: Unity Personal
  Type: Assigned
  Expiration: Unlimited
Register platform support module: C:/Program Files/Unity/Hub/Editor/6000.4.10f1/Editor/Data/PlaybackEngines/MetroSupport/UnityEditor.UWP.Extensions.dll
[Licensing::Client] Successfully resolved entitlement details
[Licensing::Module] License group:
  Id: F4-678F-VZHJ-78WJ-A7TE-XXXX
  Product: Unity Personal
  Type: ULF
  Expiration: 2026-07-30T17:46:55Z
[Licensing::Module] License group:
  Id: 13469855932343-UnityPersXXXX
  Product: Unity Personal
  Type: Assigned
  Expiration: Unlimited
Register platform support module: C:/Program Files/Unity/Hub/Editor/6000.4.10f1/Editor/Data/PlaybackEngines/AndroidPlayer/UnityEditor.Android.Extensions.dll
Registered in 1.309217 seconds.
Native extension for Android target not found
Native extension for UWP target not found
Native extension for WindowsStandalone target not found
Failed to load: C:/Program Files/Unity/Hub/Editor/6000.4.10f1/Editor/Data/PlaybackEngines/VisionOSPlayer\x64\UnityEditor.VisionOS.Native.dll
Native extension for VisionOS target not found
Native extension for WebGL target not found
Package Manager log level set to [2]
[Package Manager] Failed to launch server process. Reason: Unity was launched with the -noUpm command-line argument
[Package Manager] Unable to send message (not connected to server process).
[Package Manager] Cannot connect to Unity Package Manager local server
ScheduleIndexationOnStartup MainProcess:False IndexOnStartup:True
Mono: successfully reloaded assembly
- Finished resetting the current domain, in  0.587 seconds
Domain Reload Profiling: 2522ms
	BeginReloadAssembly (190ms)
	RebuildCommonClasses (52ms)
	RebuildNativeTypeToScriptingClass (16ms)
	initialDomainReloadingComplete (1394ms)
	LoadAllAssembliesAndSetupDomain (283ms)
		LoadAssemblies (187ms)
		AnalyzeDomain (269ms)
			TypeCache.Refresh (267ms)
				TypeCache.ScanAssembly (248ms)
	FinalizeReload (587ms)
		SetupLoadedEditorAssemblies (0ms)
			InitializePlatformSupportModulesInManaged (136ms)
			BeforeProcessingInitializeOnLoad (104ms)
			ProcessInitializeOnLoadAttributes (149ms)
			ProcessInitializeOnLoadMethodAttributes (84ms)
========================================================================
Worker process is ready to serve import requests
Import Worker Mode flag is 0x00
Begin MonoManager ReloadAssembly
[Licensing::Client] Successfully resolved entitlement details
[Licensing::Module] License group:
  Id: F4-678F-VZHJ-78WJ-A7TE-XXXX
  Product: Unity Personal
  Type: ULF
  Expiration: 2026-07-30T17:46:55Z
[Licensing::Module] License group:
  Id: 13469855932343-UnityPersXXXX
  Product: Unity Personal
  Type: Assigned
  Expiration: Unlimited
Assembly Assembly-CSharp-Editor-firstpass.dll at Library/ScriptAssemblies/Assembly-CSharp-Editor-firstpass.dll not valid. Loading of assembly skipped.
Assembly Assembly-CSharp-firstpass.dll at Library/ScriptAssemblies/Assembly-CSharp-firstpass.dll not valid. Loading of assembly skipped.
Assembly DocCodeExamples.dll at Library/ScriptAssemblies/DocCodeExamples.dll not valid. Loading of assembly skipped.
Assembly TestNewCustomAssembly.dll at Library/ScriptAssemblies/TestNewCustomAssembly.dll not valid. Loading of assembly skipped.
Assembly Unity.Collections.BurstCompatibilityGen.dll at Library/ScriptAssemblies/Unity.Collections.BurstCompatibilityGen.dll not valid. Loading of assembly skipped.
Assembly Unity.Collections.DocCodeSamples.dll at Library/ScriptAssemblies/Unity.Collections.DocCodeSamples.dll not valid. Loading of assembly skipped.
Assembly Unity.Collections.PerformanceTests.dll at Library/ScriptAssemblies/Unity.Collections.PerformanceTests.dll not valid. Loading of assembly skipped.
Assembly Unity.Collections.Tests.dll at Library/ScriptAssemblies/Unity.Collections.Tests.dll not valid. Loading of assembly skipped.
Assembly Unity.Collections.Tests.Playmode.dll at Library/ScriptAssemblies/Unity.Collections.Tests.Playmode.dll not valid. Loading of assembly skipped.
Assembly Unity.InputSystem.IntegrationTests.dll at Library/ScriptAssemblies/Unity.InputSystem.IntegrationTests.dll not valid. Loading of assembly skipped.
Assembly Unity.Mathematics.Tests.dll at Library/ScriptAssemblies/Unity.Mathematics.Tests.dll not valid. Loading of assembly skipped.
Assembly Unity.Multiplayer.Center.Editor.Tests.dll at Library/ScriptAssemblies/Unity.Multiplayer.Center.Editor.Tests.dll not valid. Loading of assembly skipped.
Assembly Unity.Multiplayer.Center.Tests.dll at Library/ScriptAssemblies/Unity.Multiplayer.Center.Tests.dll not valid. Loading of assembly skipped.
Assembly Unity.Nuget.Mono-Cecil.dll at Library/ScriptAssemblies/Unity.Nuget.Mono-Cecil.dll not valid. Loading of assembly skipped.
Assembly Unity.PathTracing.Editor.Tests.dll at Library/ScriptAssemblies/Unity.PathTracing.Editor.Tests.dll not valid. Loading of assembly skipped.
Assembly Unity.PathTracing.Runtime.Tests.dll at Library/ScriptAssemblies/Unity.PathTracing.Runtime.Tests.dll not valid. Loading of assembly skipped.
Assembly Unity.RenderPipelines.Core.Editor.Tests.dll at Library/ScriptAssemblies/Unity.RenderPipelines.Core.Editor.Tests.dll not valid. Loading of assembly skipped.
Assembly Unity.RenderPipelines.Core.Runtime.Tests.dll at Library/ScriptAssemblies/Unity.RenderPipelines.Core.Runtime.Tests.dll not valid. Loading of assembly skipped.
Assembly Unity.RenderPipelines.Universal.Config.Editor.Tests.dll at Library/ScriptAssemblies/Unity.RenderPipelines.Universal.Config.Editor.Tests.dll not valid. Loading of assembly skipped.
Assembly Unity.RenderPipelines.Universal.Editor.Tests.dll at Library/ScriptAssemblies/Unity.RenderPipelines.Universal.Editor.Tests.dll not valid. Loading of assembly skipped.
Assembly Unity.RenderPipelines.Universal.Runtime.Tests.dll at Library/ScriptAssemblies/Unity.RenderPipelines.Universal.Runtime.Tests.dll not valid. Loading of assembly skipped.
Assembly Unity.Searcher.EditorTests.dll at Library/ScriptAssemblies/Unity.Searcher.EditorTests.dll not valid. Loading of assembly skipped.
Assembly Unity.ShaderGraph.Editor.Tests.dll at Library/ScriptAssemblies/Unity.ShaderGraph.Editor.Tests.dll not valid. Loading of assembly skipped.
Assembly Unity.TextMeshPro.Editor.Tests.dll at Library/ScriptAssemblies/Unity.TextMeshPro.Editor.Tests.dll not valid. Loading of assembly skipped.
Assembly Unity.TextMeshPro.Tests.dll at Library/ScriptAssemblies/Unity.TextMeshPro.Tests.dll not valid. Loading of assembly skipped.
Assembly Unity.UnifiedRayTracing.Editor.Tests.dll at Library/ScriptAssemblies/Unity.UnifiedRayTracing.Editor.Tests.dll not valid. Loading of assembly skipped.
Assembly Unity.XR.CoreUtils.CodeSamples.Tests.dll at Library/ScriptAssemblies/Unity.XR.CoreUtils.CodeSamples.Tests.dll not valid. Loading of assembly skipped.
Assembly Unity.XR.CoreUtils.Editor.Tests.dll at Library/ScriptAssemblies/Unity.XR.CoreUtils.Editor.Tests.dll not valid. Loading of assembly skipped.
Assembly Unity.XR.CoreUtils.Tests.dll at Library/ScriptAssemblies/Unity.XR.CoreUtils.Tests.dll not valid. Loading of assembly skipped.
Assembly Unity.XR.Interaction.Toolkit.Editor.Tests.dll at Library/ScriptAssemblies/Unity.XR.Interaction.Toolkit.Editor.Tests.dll not valid. Loading of assembly skipped.
Assembly Unity.XR.Interaction.Toolkit.Tests.dll at Library/ScriptAssemblies/Unity.XR.Interaction.Toolkit.Tests.dll not valid. Loading of assembly skipped.
Assembly Unity.XR.Management.EditorTests.dll at Library/ScriptAssemblies/Unity.XR.Management.EditorTests.dll not valid. Loading of assembly skipped.
Assembly Unity.XR.Management.TestPackage.dll at Library/ScriptAssemblies/Unity.XR.Management.TestPackage.dll not valid. Loading of assembly skipped.
Assembly Unity.XR.Management.TestPackage.Editor.dll at Library/ScriptAssemblies/Unity.XR.Management.TestPackage.Editor.dll not valid. Loading of assembly skipped.
Assembly Unity.XR.Management.Tests.dll at Library/ScriptAssemblies/Unity.XR.Management.Tests.dll not valid. Loading of assembly skipped.
Assembly Unity.XR.Management.Tests.Standalone.dll at Library/ScriptAssemblies/Unity.XR.Management.Tests.Standalone.dll not valid. Loading of assembly skipped.
Assembly Unity.XR.OpenXR.Editor.Tests.dll at Library/ScriptAssemblies/Unity.XR.OpenXR.Editor.Tests.dll not valid. Loading of assembly skipped.
Assembly Unity.XR.OpenXR.Tests.dll at Library/ScriptAssemblies/Unity.XR.OpenXR.Tests.dll not valid. Loading of assembly skipped.
Assembly Unity.XR.OpenXR.Ubuntu.Tests.dll at Library/ScriptAssemblies/Unity.XR.OpenXR.Ubuntu.Tests.dll not valid. Loading of assembly skipped.
Assembly Unity.XR.TestSupport.dll at Library/ScriptAssemblies/Unity.XR.TestSupport.dll not valid. Loading of assembly skipped.
Assembly UnityEditor.UI.Common.Tests.dll at Library/ScriptAssemblies/UnityEditor.UI.Common.Tests.dll not valid. Loading of assembly skipped.
Assembly UnityEditor.UI.EditorTests.dll at Library/ScriptAssemblies/UnityEditor.UI.EditorTests.dll not valid. Loading of assembly skipped.
Assembly UnityEditor.XR.LegacyInputHelpers.Tests.dll at Library/ScriptAssemblies/UnityEditor.XR.LegacyInputHelpers.Tests.dll not valid. Loading of assembly skipped.
Assembly UnityEngine.SpatialTracking.Tests.dll at Library/ScriptAssemblies/UnityEngine.SpatialTracking.Tests.dll not valid. Loading of assembly skipped.
Assembly UnityEngine.UI.Tests.dll at Library/ScriptAssemblies/UnityEngine.UI.Tests.dll not valid. Loading of assembly skipped.
Assembly UnityEngine.XR.OpenXR.CodeSamples.Editor.Tests.dll at Library/ScriptAssemblies/UnityEngine.XR.OpenXR.CodeSamples.Editor.Tests.dll not valid. Loading of assembly skipped.
Refreshing native plugins compatible for Editor in 18.36 ms, found 10 plugins.
Native extension for Android target not found
Native extension for UWP target not found
Native extension for WindowsStandalone target not found
Failed to load: C:/Program Files/Unity/Hub/Editor/6000.4.10f1/Editor/Data/PlaybackEngines/VisionOSPlayer\x64\UnityEditor.VisionOS.Native.dll
Native extension for VisionOS target not found
Native extension for WebGL target not found
[Package Manager] Failed to launch server process. Reason: Unity was launched with the -noUpm command-line argument
[Package Manager] Unable to send message (not connected to server process).
[Package Manager] Cannot connect to Unity Package Manager local server
Refreshing native plugins compatible for Editor in 9.75 ms, found 10 plugins.
[Package Manager] Failed to launch server process. Reason: Unity was launched with the -noUpm command-line argument
[Package Manager] Unable to send message (not connected to server process).
[Package Manager] Cannot connect to Unity Package Manager local server
ScheduleIndexationOnStartup MainProcess:False IndexOnStartup:True
Mono: successfully reloaded assembly
[Package Manager] Failed to launch server process. Reason: Unity was launched with the -noUpm command-line argument
[Package Manager] Unable to send message (not connected to server process).
[Package Manager] Cannot connect to Unity Package Manager local server
[Package Manager] Failed to launch server process. Reason: Unity was launched with the -noUpm command-line argument
[Package Manager] Unable to send message (not connected to server process).
[Package Manager] Cannot connect to Unity Package Manager local server
- Finished resetting the current domain, in  1.237 seconds
Domain Reload Profiling: 2452ms
	BeginReloadAssembly (239ms)
		DisableScriptedObjects (5ms)
		CreateAndSetChildDomain (35ms)
	RebuildCommonClasses (43ms)
	RebuildNativeTypeToScriptingClass (16ms)
	initialDomainReloadingComplete (89ms)
	LoadAllAssembliesAndSetupDomain (828ms)
		LoadAssemblies (564ms)
		AnalyzeDomain (394ms)
			TypeCache.Refresh (257ms)
				TypeCache.ScanAssembly (234ms)
			BuildScriptInfoCaches (120ms)
			ResolveRequiredComponents (16ms)
	FinalizeReload (1238ms)
		SetupLoadedEditorAssemblies (0ms)
			InitializePlatformSupportModulesInManaged (26ms)
			BeforeProcessingInitializeOnLoad (182ms)
			ProcessInitializeOnLoadAttributes (572ms)
			ProcessInitializeOnLoadMethodAttributes (168ms)
			AfterProcessingInitializeOnLoad (12ms)
		AwakeInstancesAfterBackupRestoration (9ms)
Launched and connected shader compiler UnityShaderCompiler.exe after 0.03 seconds
Refreshing native plugins compatible for Editor in 8.72 ms, found 10 plugins.
Unloading 24 Unused Serialized files (Serialized files now loaded: 0)
Unloading 7708 unused Assets / (6.6 MB). Loaded Objects now: 8591.
Memory consumption went from 167.8 MB to 161.2 MB.
Total: 10.200500 ms (FindLiveObjects: 0.626300 ms CreateObjectMapping: 0.636100 ms MarkObjects: 5.571900 ms  DeleteObjects: 3.363500 ms)

========================================================================
Received Import Request.
  Time since last request: 16759.748248 seconds.
  path: Assets/TextMesh Pro/Examples & Extras/Scripts/TMP_FrameRateCounter.cs
  importAddress: Guid(686ec78b56aa445795335fbadafcfaa4) Importer(2089858483,b0f066a214c2f5e87bad3c948f4d605d)
Start importing Assets/TextMesh Pro/Examples & Extras/Scripts/TMP_FrameRateCounter.cs using Guid(686ec78b56aa445795335fbadafcfaa4) Importer(2089858483,b0f066a214c2f5e87bad3c948f4d605d) (ScriptedImporter) -> (Import Result ID: '0b645a8ee3bdf0cc0383e29bd99df76a') in 0.1078266 seconds [static and dynamic dependencies]. Details - ImportResultOutputID=5b7f889ab7e62669b1e33777bdaa1f41 DependenciesID=cd2af79e77e5bd010fe7e8d50daea091 StaticDependenciesID=86e304cfad00f9a91d434c7b98e2e5f8 
Number of updated asset objects reloaded before import = 0Number of asset objects unloaded after import = 0

========================================================================
Received Import Request.
  Time since last request: 0.000027 seconds.
  path: Assets/TextMesh Pro/Examples & Extras/Resources/Sprite Assets/DropCap Numbers.asset
  importAddress: Guid(14aa93acbb234d16aaef0e8b46814db6) Importer(2089858483,b0f066a214c2f5e87bad3c948f4d605d)
Start importing Assets/TextMesh Pro/Examples & Extras/Resources/Sprite Assets/DropCap Numbers.asset using Guid(14aa93acbb234d16aaef0e8b46814db6) Importer(2089858483,b0f066a214c2f5e87bad3c948f4d605d) (ScriptedImporter) -> (Import Result ID: 'f081d55933819f1c21d14712e15a62bf') in 0.0468153 seconds [static and dynamic dependencies]. Details - ImportResultOutputID=d1b29bbb5a2f8bf8193c37c871695ab2 DependenciesID=e2da0bdbc1d3deae847356f452c900d5 StaticDependenciesID=0f6ababec02d596392a3e75ab32c13ca 
Number of updated asset objects reloaded before import = 0Number of asset objects unloaded after import = 3

========================================================================
Received Import Request.
  Time since last request: 9.654700 seconds.
  path: Assets/TextMesh Pro/Examples & Extras/Textures/Gradient Diagonal (Color).jpg
  importAddress: Guid(2ce5c55e85304b819a1826ecbc839aa5) Importer(2089858483,b0f066a214c2f5e87bad3c948f4d605d)
Start importing Assets/TextMesh Pro/Examples & Extras/Textures/Gradient Diagonal (Color).jpg using Guid(2ce5c55e85304b819a1826ecbc839aa5) Importer(2089858483,b0f066a214c2f5e87bad3c948f4d605d) (ScriptedImporter) -> (Import Result ID: '877949d4c152255f302147d473624cbe') in 0.0977666 seconds [static and dynamic dependencies]. Details - ImportResultOutputID=3d94b6bc3ce44273a99729291fe0e403 DependenciesID=28abc773bb83b16f352c4417be34b7b3 StaticDependenciesID=8c2fec60af6c75ea9c4749a56012bd14 
Number of updated asset objects reloaded before import = 0Number of asset objects unloaded after import = 1

========================================================================
Received Import Request.
  Time since last request: 0.000056 seconds.
  path: Assets/TextMesh Pro/Examples & Extras/Textures/Brushed Metal 3.jpg
  importAddress: Guid(f88677df267a41d6be1e7a6133e7d227) Importer(2089858483,b0f066a214c2f5e87bad3c948f4d605d)
Start importing Assets/TextMesh Pro/Examples & Extras/Textures/Brushed Metal 3.jpg using Guid(f88677df267a41d6be1e7a6133e7d227) Importer(2089858483,b0f066a214c2f5e87bad3c948f4d605d) (ScriptedImporter) -> (Import Result ID: '343bb65e2946c9e92631561d99cfd081') in 0.0271161 seconds [static and dynamic dependencies]. Details - ImportResultOutputID=403e925a6b027cd6aec478da6a5bacdd DependenciesID=82f60840740fe5fa8c8b3fd8b3970ebd StaticDependenciesID=0ef17a60c4a20321754f2072c311e5ba 
Number of updated asset objects reloaded before import = 0Number of asset objects unloaded after import = 1

========================================================================
Received Import Request.
  Time since last request: 0.000036 seconds.
  path: Assets/Samples/XR Interaction Toolkit/3.4.1/XR Interaction Simulator/UI/Rotate/ForwardRotate@2x.png
  importAddress: Guid(b6f90cafdbfff47a4933a026c7bd32c1) Importer(2089858483,b0f066a214c2f5e87bad3c948f4d605d)
Start importing Assets/Samples/XR Interaction Toolkit/3.4.1/XR Interaction Simulator/UI/Rotate/ForwardRotate@2x.png using Guid(b6f90cafdbfff47a4933a026c7bd32c1) Importer(2089858483,b0f066a214c2f5e87bad3c948f4d605d) (ScriptedImporter) -> (Import Result ID: '59e43f81c81d1823fd96c294f09909d1') in 0.0299319 seconds [static and dynamic dependencies]. Details - ImportResultOutputID=6e0a550ad22578dd56ec5e338919ee82 DependenciesID=4dc50835b22b5d3711fec33c31dbe740 StaticDependenciesID=1b971d3ec550870b472988645a63104d 
Number of updated asset objects reloaded before import = 0Number of asset objects unloaded after import = 3

========================================================================
Received Import Request.
  Time since last request: 0.000025 seconds.
  path: Assets/Samples/XR Interaction Toolkit/3.4.1/XR Interaction Simulator/UI/Hands
  importAddress: Guid(31d6ee0072dd74021bf701446560a9a9) Importer(2089858483,b0f066a214c2f5e87bad3c948f4d605d)
Start importing Assets/Samples/XR Interaction Toolkit/3.4.1/XR Interaction Simulator/UI/Hands using Guid(31d6ee0072dd74021bf701446560a9a9) Importer(2089858483,b0f066a214c2f5e87bad3c948f4d605d) (ScriptedImporter) -> (Import Result ID: 'd4ee3e39fd4c109bcb8c4dd57f565037') in 0.0248016 seconds [static and dynamic dependencies]. Details - ImportResultOutputID=76f247c00eaf74339aaa59841e31e713 DependenciesID=b69df2bfe6fc6944cea521b159e9a76f StaticDependenciesID=b033f77c84431fed44af81b60bad705b 
Number of updated asset objects reloaded before import = 0Number of asset objects unloaded after import = 1

========================================================================
Received Import Request.
  Time since last request: 0.000028 seconds.
  path: Assets/Samples/XR Interaction Toolkit/3.4.1/XR Interaction Simulator/Hand Expressions/Resting Expression Capture.asset
  importAddress: Guid(3a2050912ec71479899c69612c0af028) Importer(2089858483,b0f066a214c2f5e87bad3c948f4d605d)
Start importing Assets/Samples/XR Interaction Toolkit/3.4.1/XR Interaction Simulator/Hand Expressions/Resting Expression Capture.asset using Guid(3a2050912ec71479899c69612c0af028) Importer(2089858483,b0f066a214c2f5e87bad3c948f4d605d) (ScriptedImporter) -> (Import Result ID: '475fd3414635f03d5737317ad3d5295c') in 0.0325591 seconds [static and dynamic dependencies]. Details - ImportResultOutputID=39eef6ee65026c3b0a55083a85f16de7 DependenciesID=229ceae3282b82df11cfd56a9c7c6cf5 StaticDependenciesID=a2f759a07feb55c8ad5e7d3a6c476159 
Number of updated asset objects reloaded before import = 0Number of asset objects unloaded after import = 1

========================================================================
Received Import Request.
  Time since last request: 0.000020 seconds.
  path: Assets/Samples/XR Interaction Toolkit/3.4.1/XR Interaction Simulator/Hand Expressions
  importAddress: Guid(d88f975fd5f5e4ed6a56998765d40b4c) Importer(2089858483,b0f066a214c2f5e87bad3c948f4d605d)
Start importing Assets/Samples/XR Interaction Toolkit/3.4.1/XR Interaction Simulator/Hand Expressions using Guid(d88f975fd5f5e4ed6a56998765d40b4c) Importer(2089858483,b0f066a214c2f5e87bad3c948f4d605d) (ScriptedImporter) -> (Import Result ID: '7f5bbf3cf5603048e66cfd7947256941') in 0.0229186 seconds [static and dynamic dependencies]. Details - ImportResultOutputID=34b242702e3e1898d638fbd3f91cd9a0 DependenciesID=69378dfdc1af4c9d5a30be8336ab5aa4 StaticDependenciesID=0e6d3d6910a727c3a7a06fa5e0833db9 
Number of updated asset objects reloaded before import = 0Number of asset objects unloaded after import = 1

========================================================================
Received Import Request.
  Time since last request: 0.000038 seconds.
  path: Assets/Samples/XR Interaction Toolkit/3.4.1/XR Interaction Simulator/UI/General/SwitchIcon.png
  importAddress: Guid(208b7cba2773646428c0a2fe8c31d4e4) Importer(2089858483,b0f066a214c2f5e87bad3c948f4d605d)
Start importing Assets/Samples/XR Interaction Toolkit/3.4.1/XR Interaction Simulator/UI/General/SwitchIcon.png using Guid(208b7cba2773646428c0a2fe8c31d4e4) Importer(2089858483,b0f066a214c2f5e87bad3c948f4d605d) (ScriptedImporter) -> (Import Result ID: '316ae639df368f5e7871cf4a9900de8f') in 0.031692 seconds [static and dynamic dependencies]. Details - ImportResultOutputID=ebc57d6b3836d0a937eaff6d974e2df3 DependenciesID=6b0370cabf219182ed6450b345dd24ce StaticDependenciesID=83c9dc5806633c2a1de14082d86534f5 
Number of updated asset objects reloaded before import = 0Number of asset objects unloaded after import = 3

========================================================================
Received Import Request.
  Time since last request: 0.000017 seconds.
  path: Assets/Samples/XR Interaction Toolkit/3.4.1/XR Interaction Simulator/UI/Modes/NavigationMode@2x.png
  importAddress: Guid(4d2bd0d57837a4c7fb2320a5edb4a318) Importer(2089858483,b0f066a214c2f5e87bad3c948f4d605d)
Start importing Assets/Samples/XR Interaction Toolkit/3.4.1/XR Interaction Simulator/UI/Modes/NavigationMode@2x.png using Guid(4d2bd0d57837a4c7fb2320a5edb4a318) Importer(2089858483,b0f066a214c2f5e87bad3c948f4d605d) (ScriptedImporter) -> (Import Result ID: '7041fd3a2fd296f6487e72f9bf2a8033') in 0.0303267 seconds [static and dynamic dependencies]. Details - ImportResultOutputID=a3113f3147ec67e8b84741c14c65b6da DependenciesID=693ccb1ed5f831571e850d09ba7a280b StaticDependenciesID=fbb23bb3d147b27bf2d74f3aa85de2f9 
Number of updated asset objects reloaded before import = 0Number of asset objects unloaded after import = 3

========================================================================
Received Import Request.
  Time since last request: 0.000026 seconds.
  path: Assets/Samples/XR Interaction Toolkit/3.4.1/XR Interaction Simulator/UI/Controller/BothControllers.png
  importAddress: Guid(87805fa2e196d415b84396f8e984abcf) Importer(2089858483,b0f066a214c2f5e87bad3c948f4d605d)
Start importing Assets/Samples/XR Interaction Toolkit/3.4.1/XR Interaction Simulator/UI/Controller/BothControllers.png using Guid(87805fa2e196d415b84396f8e984abcf) Importer(2089858483,b0f066a214c2f5e87bad3c948f4d605d) (ScriptedImporter) -> (Import Result ID: 'cf1b52fd63598addc5257a20994a4044') in 0.0273214 seconds [static and dynamic dependencies]. Details - ImportResultOutputID=3caed67ab925240cc71a7c01291f388f DependenciesID=0195d84f94e0480c26842fc8f362d878 StaticDependenciesID=2c256cf01f55e56d69419628e221ef82 
Number of updated asset objects reloaded before import = 0Number of asset objects unloaded after import = 3

========================================================================
Received Import Request.
  Time since last request: 0.000020 seconds.
  path: Assets/Samples/XR Interaction Toolkit/3.4.1/XR Interaction Simulator/Hand Expressions/Fist Expression Capture.asset
  importAddress: Guid(fa004868963da45f6a2e6520cfd82522) Importer(2089858483,b0f066a214c2f5e87bad3c948f4d605d)
Start importing Assets/Samples/XR Interaction Toolkit/3.4.1/XR Interaction Simulator/Hand Expressions/Fist Expression Capture.asset using Guid(fa004868963da45f6a2e6520cfd82522) Importer(2089858483,b0f066a214c2f5e87bad3c948f4d605d) (ScriptedImporter) -> (Import Result ID: '6003b395855fe7dceddd45fff9830a51') in 0.0226071 seconds [static and dynamic dependencies]. Details - ImportResultOutputID=feb3bf0962887b7295a4d4961fb6263c DependenciesID=80c8439e8b331e1aadf9673fefcb09fb StaticDependenciesID=0dc5c75f94dfdcf73c832e3d4efb461d 
Number of updated asset objects reloaded before import = 0Number of asset objects unloaded after import = 1

========================================================================
Received Import Request.
  Time since last request: 0.000026 seconds.
  path: Assets/Samples/XR Interaction Toolkit/3.4.1/XR Interaction Simulator/Hand Expressions/Pinch Expression Capture.asset
  importAddress: Guid(72c39edbc5fea456ab30a2ef2ea6d4d0) Importer(2089858483,b0f066a214c2f5e87bad3c948f4d605d)
Start importing Assets/Samples/XR Interaction Toolkit/3.4.1/XR Interaction Simulator/Hand Expressions/Pinch Expression Capture.asset using Guid(72c39edbc5fea456ab30a2ef2ea6d4d0) Importer(2089858483,b0f066a214c2f5e87bad3c948f4d605d) (ScriptedImporter) -> (Import Result ID: 'fd47886303778680d2c763bc09236e9f') in 0.0223109 seconds [static and dynamic dependencies]. Details - ImportResultOutputID=c508d04cb97c92b0ac21f0d57ac3d60c DependenciesID=9e93937633c129405e67587651eec7f8 StaticDependenciesID=6ee97b599b99fbae40a8909b4a8b6030 
Number of updated asset objects reloaded before import = 0Number of asset objects unloaded after import = 1

========================================================================
Received Import Request.
  Time since last request: 0.000020 seconds.
  path: Assets/Samples/XR Interaction Toolkit/3.4.1/XR Interaction Simulator/UI/Controller/RightController.png
  importAddress: Guid(cbd1e2a1a972644eea7bfae3d6f2b979) Importer(2089858483,b0f066a214c2f5e87bad3c948f4d605d)
Start importing Assets/Samples/XR Interaction Toolkit/3.4.1/XR Interaction Simulator/UI/Controller/RightController.png using Guid(cbd1e2a1a972644eea7bfae3d6f2b979) Importer(2089858483,b0f066a214c2f5e87bad3c948f4d605d) (ScriptedImporter) -> (Import Result ID: 'ab9952a7df6b16884d974b5b29ac99e3') in 0.0296935 seconds [static and dynamic dependencies]. Details - ImportResultOutputID=122e634fcdb4e17f66fbaf94e4f170e2 DependenciesID=c2a7081cfb4076cc7cd28df0b5c7aff3 StaticDependenciesID=179871fd47a564651b1df7fd64e449a0 
Number of updated asset objects reloaded before import = 0Number of asset objects unloaded after import = 3

========================================================================
Received Import Request.
  Time since last request: 0.000021 seconds.
  path: Assets/Samples/XR Interaction Toolkit/3.4.1/XR Interaction Simulator/UI/Translate/TranslateBack@2x.png
  importAddress: Guid(e1e3a07825d874ec2be9136fdfb7ab51) Importer(2089858483,b0f066a214c2f5e87bad3c948f4d605d)
Start importing Assets/Samples/XR Interaction Toolkit/3.4.1/XR Interaction Simulator/UI/Translate/TranslateBack@2x.png using Guid(e1e3a07825d874ec2be9136fdfb7ab51) Importer(2089858483,b0f066a214c2f5e87bad3c948f4d605d) (ScriptedImporter) -> (Import Result ID: '1033528e3c88180e80c7d79208245fad') in 0.0272222 seconds [static and dynamic dependencies]. Details - ImportResultOutputID=49e9cd323ef1cee6b19f477ce1d64a2a DependenciesID=8750e97d32a024be3132545aa8a3d231 StaticDependenciesID=ad99489b6c1b3d0170a8236a2543185f 
Number of updated asset objects reloaded before import = 0Number of asset objects unloaded after import = 3

========================================================================
Received Import Request.
  Time since last request: 0.000024 seconds.
  path: Assets/Samples/XR Interaction Toolkit/3.4.1/XR Interaction Simulator/Hand Expressions/Thumb Expression Capture.asset
  importAddress: Guid(b8da6254ca32341d6b80019659732616) Importer(2089858483,b0f066a214c2f5e87bad3c948f4d605d)
Start importing Assets/Samples/XR Interaction Toolkit/3.4.1/XR Interaction Simulator/Hand Expressions/Thumb Expression Capture.asset using Guid(b8da6254ca32341d6b80019659732616) Importer(2089858483,b0f066a214c2f5e87bad3c948f4d605d) (ScriptedImporter) -> (Import Result ID: '4f4407f1cadb7bed0eb3466ba955ac7b') in 0.0260128 seconds [static and dynamic dependencies]. Details - ImportResultOutputID=e084fb0298912014e404001ef08258a4 DependenciesID=87dfd53ef02e2b5a1398d3483b01473a StaticDependenciesID=fdc54e448a48fcaa8815133632479865 
Number of updated asset objects reloaded before import = 0Number of asset objects unloaded after import = 1

========================================================================
Received Import Request.
  Time since last request: 0.000033 seconds.
  path: Assets/Samples/XR Interaction Toolkit/3.4.1/XR Interaction Simulator/Scripts
  importAddress: Guid(15bdba6829c554c0a9e70eaf0ffae219) Importer(2089858483,b0f066a214c2f5e87bad3c948f4d605d)
Start importing Assets/Samples/XR Interaction Toolkit/3.4.1/XR Interaction Simulator/Scripts using Guid(15bdba6829c554c0a9e70eaf0ffae219) Importer(2089858483,b0f066a214c2f5e87bad3c948f4d605d) (ScriptedImporter) -> (Import Result ID: '62e53d2018a6a211bc938fb1b0904efc') in 0.0194517 seconds [static and dynamic dependencies]. Details - ImportResultOutputID=eb7be84d156f565b014bc0b6479226e8 DependenciesID=866b69ccaf94d3c39877f17cc125ee73 StaticDependenciesID=f6a0182517be0c7ab00de82f9be995bb 
Number of updated asset objects reloaded before import = 0Number of asset objects unloaded after import = 1

========================================================================
Received Import Request.
  Time since last request: 0.000028 seconds.
  path: Assets/Samples/XR Interaction Toolkit/3.4.1/XR Interaction Simulator/UI/Highlight/highlight_head.png
  importAddress: Guid(1a452a6a86d684a7ba39272e4e14a1d6) Importer(2089858483,b0f066a214c2f5e87bad3c948f4d605d)
Start importing Assets/Samples/XR Interaction Toolkit/3.4.1/XR Interaction Simulator/UI/Highlight/highlight_head.png using Guid(1a452a6a86d684a7ba39272e4e14a1d6) Importer(2089858483,b0f066a214c2f5e87bad3c948f4d605d) (ScriptedImporter) -> (Import Result ID: '794ab4cf2776906da834d4c9e6731249') in 0.0261188 seconds [static and dynamic dependencies]. Details - ImportResultOutputID=2970ca86090e4e2aa9104b5c59ba462f DependenciesID=551d987101d344afc2a2e9777c9f9cd4 StaticDependenciesID=addedb4c786bc33791bd7675d3a444d0 
Number of updated asset objects reloaded before import = 0Number of asset objects unloaded after import = 3

========================================================================
Received Import Request.
  Time since last request: 0.000020 seconds.
  path: Assets/TextMesh Pro/Examples & Extras/Fonts/Roboto-Bold.ttf
  importAddress: Guid(4beb055f07aaff244873dec698d0363e) Importer(2089858483,b0f066a214c2f5e87bad3c948f4d605d)
Start importing Assets/TextMesh Pro/Examples & Extras/Fonts/Roboto-Bold.ttf using Guid(4beb055f07aaff244873dec698d0363e) Importer(2089858483,b0f066a214c2f5e87bad3c948f4d605d) (ScriptedImporter) -> (Import Result ID: '52f42358d0a55e5a5bb51c730b4c7e5a') in 0.0336352 seconds [static and dynamic dependencies]. Details - ImportResultOutputID=00a4126c41bc1f71e966b910696e9825 DependenciesID=17bc2134789da11c22b77d711cf1afcd StaticDependenciesID=b00eb83aad946eea5d3187f5705ba5c9 
Number of updated asset objects reloaded before import = 0Number of asset objects unloaded after import = 3

========================================================================
Received Import Request.
  Time since last request: 0.000034 seconds.
  path: Assets/Samples/XR Interaction Toolkit/3.4.1/XR Interaction Simulator/UI/Translate/TranslateForward@2x.png
  importAddress: Guid(e1be5a83864ad4b0eb0031e575739dc0) Importer(2089858483,b0f066a214c2f5e87bad3c948f4d605d)
Start importing Assets/Samples/XR Interaction Toolkit/3.4.1/XR Interaction Simulator/UI/Translate/TranslateForward@2x.png using Guid(e1be5a83864ad4b0eb0031e575739dc0) Importer(2089858483,b0f066a214c2f5e87bad3c948f4d605d) (ScriptedImporter) -> (Import Result ID: '32a57b6afafaf68e2cc760b22a5ece81') in 0.032038 seconds [static and dynamic dependencies]. Details - ImportResultOutputID=46e368f6e89a34b56652710ecfc9c627 DependenciesID=61851ed38f6f5d086f574113e647fcd5 StaticDependenciesID=a90c15949deebb72641dba06c284d2d1 
Number of updated asset objects reloaded before import = 0Number of asset objects unloaded after import = 3

========================================================================
Received Import Request.
  Time since last request: 0.000043 seconds.
  path: Assets/Samples/XR Interaction Toolkit/3.4.1/XR Interaction Simulator/UI/Rotate/LeftRotate@2x.png
  importAddress: Guid(065d9dcc5f44f4313a79886e9c40ea06) Importer(2089858483,b0f066a214c2f5e87bad3c948f4d605d)
Start importing Assets/Samples/XR Interaction Toolkit/3.4.1/XR Interaction Simulator/UI/Rotate/LeftRotate@2x.png using Guid(065d9dcc5f44f4313a79886e9c40ea06) Importer(2089858483,b0f066a214c2f5e87bad3c948f4d605d) (ScriptedImporter) -> (Import Result ID: 'eb417fe7346a81e82e6db76530091e70') in 0.0290904 seconds [static and dynamic dependencies]. Details - ImportResultOutputID=3b4a7b90f54ffdb9d5bd5ee9cb1f29c9 DependenciesID=e82afff51071a9e198a60de0d71cab2b StaticDependenciesID=5db5d718ca14be992a91a0a88d64dcbf 
Number of updated asset objects reloaded before import = 0Number of asset objects unloaded after import = 3

========================================================================
Received Import Request.
  Time since last request: 0.000082 seconds.
  path: Assets/Samples/XR Interaction Toolkit/3.4.1/XR Interaction Simulator/UI/Controller/RightControllerOutline@2x.png
  importAddress: Guid(10dc4b76fedda43bc9f45737b47e2a35) Importer(2089858483,b0f066a214c2f5e87bad3c948f4d605d)
Start importing Assets/Samples/XR Interaction Toolkit/3.4.1/XR Interaction Simulator/UI/Controller/RightControllerOutline@2x.png using Guid(10dc4b76fedda43bc9f45737b47e2a35) Importer(2089858483,b0f066a214c2f5e87bad3c948f4d605d) (ScriptedImporter) -> (Import Result ID: '140aedf98c666f1f020cdf9ea9c83ab8') in 0.0434118 seconds [static and dynamic dependencies]. Details - ImportResultOutputID=1b66a8698afafdd93b2815c463b98666 DependenciesID=eb148892bd65b24536df30231643eb7b StaticDependenciesID=6a35ef9e5dabc3bacf2d1d83aaaf0de6 
Number of updated asset objects reloaded before import = 0Number of asset objects unloaded after import = 3

========================================================================
Received Import Request.
  Time since last request: 0.000021 seconds.
  path: Assets/Samples/XR Interaction Toolkit/3.4.1/XR Interaction Simulator/UI/Hands/Pinch.png
  importAddress: Guid(45d5d868f6ac7433db8072bb252ca290) Importer(2089858483,b0f066a214c2f5e87bad3c948f4d605d)
Start importing Assets/Samples/XR Interaction Toolkit/3.4.1/XR Interaction Simulator/UI/Hands/Pinch.png using Guid(45d5d868f6ac7433db8072bb252ca290) Importer(2089858483,b0f066a214c2f5e87bad3c948f4d605d) (ScriptedImporter) -> (Import Result ID: '5742ba9d50fd42389504a5710d38750b') in 0.033288 seconds [static and dynamic dependencies]. Details - ImportResultOutputID=46df12148f191434618ac949e0dceec1 DependenciesID=314193935cee1da14dbdd645a0f51a2e StaticDependenciesID=d81b7237d227aaa712df73c8cd355570 
Number of updated asset objects reloaded before import = 0Number of asset objects unloaded after import = 3

========================================================================
Received Import Request.
  Time since last request: 0.000036 seconds.
  path: Assets/Samples/XR Interaction Toolkit/3.4.1/XR Interaction Simulator/Editor
  importAddress: Guid(1eaec8ef3dd19432f9234ea7d07940b2) Importer(2089858483,b0f066a214c2f5e87bad3c948f4d605d)
Start importing Assets/Samples/XR Interaction Toolkit/3.4.1/XR Interaction Simulator/Editor using Guid(1eaec8ef3dd19432f9234ea7d07940b2) Importer(2089858483,b0f066a214c2f5e87bad3c948f4d605d) (ScriptedImporter) -> (Import Result ID: 'be4a0508d086a21d7478ae9602782741') in 0.0225419 seconds [static and dynamic dependencies]. Details - ImportResultOutputID=7ec5310bb29703b1109a58b2c02ae5d4 DependenciesID=a5e574910d93b1f49d8acb6e5b0beb9b StaticDependenciesID=8cfa0b92e7e3a4f22494ebc6bb4bf67d 
Number of updated asset objects reloaded before import = 0Number of asset objects unloaded after import = 1

========================================================================
Received Import Request.
  Time since last request: 0.000016 seconds.
  path: Assets/Samples/XR Interaction Toolkit/3.4.1/XR Interaction Simulator/UI/Modes
  importAddress: Guid(2f2b52788ce4b4a84b1daf8e3e04dcd7) Importer(2089858483,b0f066a214c2f5e87bad3c948f4d605d)
Start importing Assets/Samples/XR Interaction Toolkit/3.4.1/XR Interaction Simulator/UI/Modes using Guid(2f2b52788ce4b4a84b1daf8e3e04dcd7) Importer(2089858483,b0f066a214c2f5e87bad3c948f4d605d) (ScriptedImporter) -> (Import Result ID: '1442782f6d646eb77d3770de15214469') in 0.0235787 seconds [static and dynamic dependencies]. Details - ImportResultOutputID=5da083fdd9918e9a7ddc0eb7df65b075 DependenciesID=aa9a8b68f1c47bdea13710ac349daa31 StaticDependenciesID=43a109e7cad646945ad523a98fe6d050 
Number of updated asset objects reloaded before import = 0Number of asset objects unloaded after import = 1

========================================================================
Received Import Request.
  Time since last request: 0.000016 seconds.
  path: Assets/TextMesh Pro/Examples & Extras/Textures/Floor Cement.jpg
  importAddress: Guid(283f897e4925411ebbaa758b4cb13fc2) Importer(2089858483,b0f066a214c2f5e87bad3c948f4d605d)
Start importing Assets/TextMesh Pro/Examples & Extras/Textures/Floor Cement.jpg using Guid(283f897e4925411ebbaa758b4cb13fc2) Importer(2089858483,b0f066a214c2f5e87bad3c948f4d605d) (ScriptedImporter) -> (Import Result ID: '2c5c25431166c6413fc5c21cd4e07d75') in 0.027247 seconds [static and dynamic dependencies]. Details - ImportResultOutputID=cbcec8ec9dcf737c25fcaf3566c1cc5a DependenciesID=192394cf043eeb526826d751b96f26b4 StaticDependenciesID=6566fdd2a313269c0bce243de430bbde 
Number of updated asset objects reloaded before import = 0Number of asset objects unloaded after import = 1

========================================================================
Received Import Request.
  Time since last request: 0.000027 seconds.
  path: Assets/Samples/XR Interaction Toolkit/3.4.1/XR Interaction Simulator/UI/Rotate
  importAddress: Guid(2bdb443e45f4947cfb486eb765126e29) Importer(2089858483,b0f066a214c2f5e87bad3c948f4d605d)
Start importing Assets/Samples/XR Interaction Toolkit/3.4.1/XR Interaction Simulator/UI/Rotate using Guid(2bdb443e45f4947cfb486eb765126e29) Importer(2089858483,b0f066a214c2f5e87bad3c948f4d605d) (ScriptedImporter) -> (Import Result ID: 'efbc34ad3cb5053dce14c4295f8ad37d') in 0.0227202 seconds [static and dynamic dependencies]. Details - ImportResultOutputID=9b3e0ee84c5251edf53e6bdd681d3469 DependenciesID=34ed7c3de91897a56f4d00ac95c49d96 StaticDependenciesID=57b948f6695732578cebed413e357f74 
Number of updated asset objects reloaded before import = 0Number of asset objects unloaded after import = 1

========================================================================
Received Import Request.
  Time since last request: 0.000026 seconds.
  path: Assets/Samples/XR Interaction Toolkit/3.4.1/XR Interaction Simulator/UI/Hands/Hand_Left.png
  importAddress: Guid(f4ae9f38f5d3b410f84c02c1486c64eb) Importer(2089858483,b0f066a214c2f5e87bad3c948f4d605d)
Start importing Assets/Samples/XR Interaction Toolkit/3.4.1/XR Interaction Simulator/UI/Hands/Hand_Left.png using Guid(f4ae9f38f5d3b410f84c02c1486c64eb) Importer(2089858483,b0f066a214c2f5e87bad3c948f4d605d) (ScriptedImporter) -> (Import Result ID: 'ab8c755b5abcedeeaf1a4caaa1e895b0') in 0.0336878 seconds [static and dynamic dependencies]. Details - ImportResultOutputID=1626c01259e95f65c9ff4613c24ca311 DependenciesID=9b8ea008002b6db0b6b6d9b18f869af0 StaticDependenciesID=60de6d3ca325916035e07d70fdc823f3 
Number of updated asset objects reloaded before import = 0Number of asset objects unloaded after import = 3

========================================================================
Received Import Request.
  Time since last request: 0.000026 seconds.
  path: Assets/Samples/XR Interaction Toolkit/3.4.1/XR Interaction Simulator/UI/Translate/TranslateRight@2x.png
  importAddress: Guid(eb5a85b675ed34acf9efd6d574df4ceb) Importer(2089858483,b0f066a214c2f5e87bad3c948f4d605d)
Start importing Assets/Samples/XR Interaction Toolkit/3.4.1/XR Interaction Simulator/UI/Translate/TranslateRight@2x.png using Guid(eb5a85b675ed34acf9efd6d574df4ceb) Importer(2089858483,b0f066a214c2f5e87bad3c948f4d605d) (ScriptedImporter) -> (Import Result ID: 'c983af02324dd25c2fe2d31ca55bcd12') in 0.0308186 seconds [static and dynamic dependencies]. Details - ImportResultOutputID=aece1efa9d707f64f96b7e346ef3de21 DependenciesID=1fca36380f8ec2f57b71de7aefd2f492 StaticDependenciesID=e32d94975e287a91620b04b47d7b77cb 
Number of updated asset objects reloaded before import = 0Number of asset objects unloaded after import = 3

========================================================================
Received Import Request.
  Time since last request: 0.000022 seconds.
  path: Assets/Samples/XR Interaction Toolkit/3.4.1/XR Interaction Simulator/UI/Highlight
  importAddress: Guid(09e02e2a169b66e4cb3f67fa4951f4ce) Importer(2089858483,b0f066a214c2f5e87bad3c948f4d605d)
Start importing Assets/Samples/XR Interaction Toolkit/3.4.1/XR Interaction Simulator/UI/Highlight using Guid(09e02e2a169b66e4cb3f67fa4951f4ce) Importer(2089858483,b0f066a214c2f5e87bad3c948f4d605d) (ScriptedImporter) -> (Import Result ID: 'fe3404f9f9e801fe7cda32e1042e4e73') in 0.0220911 seconds [static and dynamic dependencies]. Details - ImportResultOutputID=d24d53308c2705136c819d07ab859bac DependenciesID=b6e9bec542f873e3390cadef5d06a81b StaticDependenciesID=6e18ff6eae3936e83088a58d0a576411 
Number of updated asset objects reloaded before import = 0Number of asset objects unloaded after import = 1

========================================================================
Received Import Request.
  Time since last request: 0.000020 seconds.
  path: Assets/Samples/XR Interaction Toolkit/3.4.1/XR Interaction Simulator/UI/Headset/HeadsetOutline@2x.png
  importAddress: Guid(b121d7be9654e4d019fe207d5efebed7) Importer(2089858483,b0f066a214c2f5e87bad3c948f4d605d)
Start importing Assets/Samples/XR Interaction Toolkit/3.4.1/XR Interaction Simulator/UI/Headset/HeadsetOutline@2x.png using Guid(b121d7be9654e4d019fe207d5efebed7) Importer(2089858483,b0f066a214c2f5e87bad3c948f4d605d) (ScriptedImporter) -> (Import Result ID: 'b1b1200d45ce13d60047ca3fa4513992') in 0.0263179 seconds [static and dynamic dependencies]. Details - ImportResultOutputID=bc1dbe3cf3f7e5a1b2ae15d73ce07628 DependenciesID=8d6371e2700c9f421e1433de09524a11 StaticDependenciesID=dc93a4867df461ff798def1a162850f6 
Number of updated asset objects reloaded before import = 0Number of asset objects unloaded after import = 3

========================================================================
Received Import Request.
  Time since last request: 0.000029 seconds.
  path: Assets/Samples/XR Interaction Toolkit/3.4.1/XR Interaction Simulator/UI/Highlight/highlight_rect_vertical.png
  importAddress: Guid(269338fb8e448438b9e9667d6d1cea81) Importer(2089858483,b0f066a214c2f5e87bad3c948f4d605d)
Start importing Assets/Samples/XR Interaction Toolkit/3.4.1/XR Interaction Simulator/UI/Highlight/highlight_rect_vertical.png using Guid(269338fb8e448438b9e9667d6d1cea81) Importer(2089858483,b0f066a214c2f5e87bad3c948f4d605d) (ScriptedImporter) -> (Import Result ID: 'f4ba88d9604edcb583d0e77d9d4df473') in 0.0396823 seconds [static and dynamic dependencies]. Details - ImportResultOutputID=cb970efd324cfc5b85c6cb3af42b12ed DependenciesID=43648ef8f53ad9085bf895763e1eee21 StaticDependenciesID=9f40236441ee7f35e3842ee389371068 
Number of updated asset objects reloaded before import = 0Number of asset objects unloaded after import = 3

========================================================================
Received Prepare
Refreshing native plugins compatible for Editor in 9.85 ms, found 10 plugins.
Unloading 24 Unused Serialized files (Serialized files now loaded: 0)
Unloading 7654 unused Assets / (5.2 MB). Loaded Objects now: 8583.
Memory consumption went from 167.5 MB to 162.3 MB.
Total: 10.442500 ms (FindLiveObjects: 0.722600 ms CreateObjectMapping: 0.664200 ms MarkObjects: 6.329200 ms  DeleteObjects: 2.724900 ms)

Prepare: number of updated asset objects reloaded= 0
========================================================================
Received Prepare
Refreshing native plugins compatible for Editor in 12.16 ms, found 10 plugins.
Unloading 24 Unused Serialized files (Serialized files now loaded: 0)
Unloading 7654 unused Assets / (5.8 MB). Loaded Objects now: 8583.
Memory consumption went from 170.7 MB to 164.9 MB.
Total: 11.567400 ms (FindLiveObjects: 0.746900 ms CreateObjectMapping: 0.803900 ms MarkObjects: 6.549400 ms  DeleteObjects: 3.465700 ms)

Prepare: number of updated asset objects reloaded= 0
========================================================================
Received Prepare
Refreshing native plugins compatible for Editor in 37.22 ms, found 10 plugins.
Unloading 24 Unused Serialized files (Serialized files now loaded: 0)
Unloading 7654 unused Assets / (5.3 MB). Loaded Objects now: 8583.
Memory consumption went from 173.9 MB to 168.6 MB.
Total: 32.526700 ms (FindLiveObjects: 2.297100 ms CreateObjectMapping: 1.984000 ms MarkObjects: 16.820700 ms  DeleteObjects: 11.422400 ms)

Prepare: number of updated asset objects reloaded= 0
========================================================================
Received Prepare
Begin MonoManager ReloadAssembly
[Licensing::Client] Successfully resolved entitlement details
[Licensing::Module] License group:
  Id: F4-678F-VZHJ-78WJ-A7TE-XXXX
  Product: Unity Personal
  Type: ULF
  Expiration: 2026-07-30T17:46:55Z
[Licensing::Module] License group:
  Id: 13469855932343-UnityPersXXXX
  Product: Unity Personal
  Type: Assigned
  Expiration: Unlimited
Assembly Assembly-CSharp-Editor-firstpass.dll at Library/ScriptAssemblies/Assembly-CSharp-Editor-firstpass.dll not valid. Loading of assembly skipped.
Assembly Assembly-CSharp-firstpass.dll at Library/ScriptAssemblies/Assembly-CSharp-firstpass.dll not valid. Loading of assembly skipped.
Assembly DocCodeExamples.dll at Library/ScriptAssemblies/DocCodeExamples.dll not valid. Loading of assembly skipped.
Assembly TestNewCustomAssembly.dll at Library/ScriptAssemblies/TestNewCustomAssembly.dll not valid. Loading of assembly skipped.
Assembly Unity.Collections.BurstCompatibilityGen.dll at Library/ScriptAssemblies/Unity.Collections.BurstCompatibilityGen.dll not valid. Loading of assembly skipped.
Assembly Unity.Collections.DocCodeSamples.dll at Library/ScriptAssemblies/Unity.Collections.DocCodeSamples.dll not valid. Loading of assembly skipped.
Assembly Unity.Collections.PerformanceTests.dll at Library/ScriptAssemblies/Unity.Collections.PerformanceTests.dll not valid. Loading of assembly skipped.
Assembly Unity.Collections.Tests.dll at Library/ScriptAssemblies/Unity.Collections.Tests.dll not valid. Loading of assembly skipped.
Assembly Unity.Collections.Tests.Playmode.dll at Library/ScriptAssemblies/Unity.Collections.Tests.Playmode.dll not valid. Loading of assembly skipped.
Assembly Unity.InputSystem.IntegrationTests.dll at Library/ScriptAssemblies/Unity.InputSystem.IntegrationTests.dll not valid. Loading of assembly skipped.
Assembly Unity.Mathematics.Tests.dll at Library/ScriptAssemblies/Unity.Mathematics.Tests.dll not valid. Loading of assembly skipped.
Assembly Unity.Multiplayer.Center.Editor.Tests.dll at Library/ScriptAssemblies/Unity.Multiplayer.Center.Editor.Tests.dll not valid. Loading of assembly skipped.
Assembly Unity.Multiplayer.Center.Tests.dll at Library/ScriptAssemblies/Unity.Multiplayer.Center.Tests.dll not valid. Loading of assembly skipped.
Assembly Unity.Nuget.Mono-Cecil.dll at Library/ScriptAssemblies/Unity.Nuget.Mono-Cecil.dll not valid. Loading of assembly skipped.
Assembly Unity.PathTracing.Editor.Tests.dll at Library/ScriptAssemblies/Unity.PathTracing.Editor.Tests.dll not valid. Loading of assembly skipped.
Assembly Unity.PathTracing.Runtime.Tests.dll at Library/ScriptAssemblies/Unity.PathTracing.Runtime.Tests.dll not valid. Loading of assembly skipped.
Assembly Unity.RenderPipelines.Core.Editor.Tests.dll at Library/ScriptAssemblies/Unity.RenderPipelines.Core.Editor.Tests.dll not valid. Loading of assembly skipped.
Assembly Unity.RenderPipelines.Core.Runtime.Tests.dll at Library/ScriptAssemblies/Unity.RenderPipelines.Core.Runtime.Tests.dll not valid. Loading of assembly skipped.
Assembly Unity.RenderPipelines.Universal.Config.Editor.Tests.dll at Library/ScriptAssemblies/Unity.RenderPipelines.Universal.Config.Editor.Tests.dll not valid. Loading of assembly skipped.
Assembly Unity.RenderPipelines.Universal.Editor.Tests.dll at Library/ScriptAssemblies/Unity.RenderPipelines.Universal.Editor.Tests.dll not valid. Loading of assembly skipped.
Assembly Unity.RenderPipelines.Universal.Runtime.Tests.dll at Library/ScriptAssemblies/Unity.RenderPipelines.Universal.Runtime.Tests.dll not valid. Loading of assembly skipped.
Assembly Unity.Searcher.EditorTests.dll at Library/ScriptAssemblies/Unity.Searcher.EditorTests.dll not valid. Loading of assembly skipped.
Assembly Unity.ShaderGraph.Editor.Tests.dll at Library/ScriptAssemblies/Unity.ShaderGraph.Editor.Tests.dll not valid. Loading of assembly skipped.
Assembly Unity.TextMeshPro.Editor.Tests.dll at Library/ScriptAssemblies/Unity.TextMeshPro.Editor.Tests.dll not valid. Loading of assembly skipped.
Assembly Unity.TextMeshPro.Tests.dll at Library/ScriptAssemblies/Unity.TextMeshPro.Tests.dll not valid. Loading of assembly skipped.
Assembly Unity.UnifiedRayTracing.Editor.Tests.dll at Library/ScriptAssemblies/Unity.UnifiedRayTracing.Editor.Tests.dll not valid. Loading of assembly skipped.
Assembly Unity.XR.CoreUtils.CodeSamples.Tests.dll at Library/ScriptAssemblies/Unity.XR.CoreUtils.CodeSamples.Tests.dll not valid. Loading of assembly skipped.
Assembly Unity.XR.CoreUtils.Editor.Tests.dll at Library/ScriptAssemblies/Unity.XR.CoreUtils.Editor.Tests.dll not valid. Loading of assembly skipped.
Assembly Unity.XR.CoreUtils.Tests.dll at Library/ScriptAssemblies/Unity.XR.CoreUtils.Tests.dll not valid. Loading of assembly skipped.
Assembly Unity.XR.Interaction.Toolkit.Editor.Tests.dll at Library/ScriptAssemblies/Unity.XR.Interaction.Toolkit.Editor.Tests.dll not valid. Loading of assembly skipped.
Assembly Unity.XR.Interaction.Toolkit.Tests.dll at Library/ScriptAssemblies/Unity.XR.Interaction.Toolkit.Tests.dll not valid. Loading of assembly skipped.
Assembly Unity.XR.Management.EditorTests.dll at Library/ScriptAssemblies/Unity.XR.Management.EditorTests.dll not valid. Loading of assembly skipped.
Assembly Unity.XR.Management.TestPackage.dll at Library/ScriptAssemblies/Unity.XR.Management.TestPackage.dll not valid. Loading of assembly skipped.
Assembly Unity.XR.Management.TestPackage.Editor.dll at Library/ScriptAssemblies/Unity.XR.Management.TestPackage.Editor.dll not valid. Loading of assembly skipped.
Assembly Unity.XR.Management.Tests.dll at Library/ScriptAssemblies/Unity.XR.Management.Tests.dll not valid. Loading of assembly skipped.
Assembly Unity.XR.Management.Tests.Standalone.dll at Library/ScriptAssemblies/Unity.XR.Management.Tests.Standalone.dll not valid. Loading of assembly skipped.
Assembly Unity.XR.OpenXR.Editor.Tests.dll at Library/ScriptAssemblies/Unity.XR.OpenXR.Editor.Tests.dll not valid. Loading of assembly skipped.
Assembly Unity.XR.OpenXR.Tests.dll at Library/ScriptAssemblies/Unity.XR.OpenXR.Tests.dll not valid. Loading of assembly skipped.
Assembly Unity.XR.OpenXR.Ubuntu.Tests.dll at Library/ScriptAssemblies/Unity.XR.OpenXR.Ubuntu.Tests.dll not valid. Loading of assembly skipped.
Assembly Unity.XR.TestSupport.dll at Library/ScriptAssemblies/Unity.XR.TestSupport.dll not valid. Loading of assembly skipped.
Assembly UnityEditor.UI.Common.Tests.dll at Library/ScriptAssemblies/UnityEditor.UI.Common.Tests.dll not valid. Loading of assembly skipped.
Assembly UnityEditor.UI.EditorTests.dll at Library/ScriptAssemblies/UnityEditor.UI.EditorTests.dll not valid. Loading of assembly skipped.
Assembly UnityEditor.XR.LegacyInputHelpers.Tests.dll at Library/ScriptAssemblies/UnityEditor.XR.LegacyInputHelpers.Tests.dll not valid. Loading of assembly skipped.
Assembly UnityEngine.SpatialTracking.Tests.dll at Library/ScriptAssemblies/UnityEngine.SpatialTracking.Tests.dll not valid. Loading of assembly skipped.
Assembly UnityEngine.UI.Tests.dll at Library/ScriptAssemblies/UnityEngine.UI.Tests.dll not valid. Loading of assembly skipped.
Assembly UnityEngine.XR.OpenXR.CodeSamples.Editor.Tests.dll at Library/ScriptAssemblies/UnityEngine.XR.OpenXR.CodeSamples.Editor.Tests.dll not valid. Loading of assembly skipped.
Refreshing native plugins compatible for Editor in 16.78 ms, found 10 plugins.
Native extension for Android target not found
Native extension for UWP target not found
Native extension for WindowsStandalone target not found
Failed to load: C:/Program Files/Unity/Hub/Editor/6000.4.10f1/Editor/Data/PlaybackEngines/VisionOSPlayer\x64\UnityEditor.VisionOS.Native.dll
Native extension for VisionOS target not found
Native extension for WebGL target not found
[Package Manager] Failed to launch server process. Reason: Unity was launched with the -noUpm command-line argument
[Package Manager] Unable to send message (not connected to server process).
[Package Manager] Cannot connect to Unity Package Manager local server
[Package Manager] Failed to launch server process. Reason: Unity was launched with the -noUpm command-line argument
[Package Manager] Unable to send message (not connected to server process).
[Package Manager] Cannot connect to Unity Package Manager local server
ScheduleIndexationOnStartup MainProcess:False IndexOnStartup:True
Mono: successfully reloaded assembly
[Package Manager] Failed to launch server process. Reason: Unity was launched with the -noUpm command-line argument
[Package Manager] Unable to send message (not connected to server process).
[Package Manager] Cannot connect to Unity Package Manager local server
- Finished resetting the current domain, in  1.632 seconds
Domain Reload Profiling: 3036ms
	BeginReloadAssembly (332ms)
		DisableScriptedObjects (11ms)
		CreateAndSetChildDomain (76ms)
	RebuildCommonClasses (54ms)
	RebuildNativeTypeToScriptingClass (18ms)
	initialDomainReloadingComplete (135ms)
	LoadAllAssembliesAndSetupDomain (864ms)
		LoadAssemblies (671ms)
		AnalyzeDomain (338ms)
			TypeCache.Refresh (19ms)
			BuildScriptInfoCaches (294ms)
			ResolveRequiredComponents (21ms)
	FinalizeReload (1633ms)
		SetupLoadedEditorAssemblies (0ms)
			InitializePlatformSupportModulesInManaged (31ms)
			BeforeProcessingInitializeOnLoad (251ms)
			ProcessInitializeOnLoadAttributes (785ms)
			ProcessInitializeOnLoadMethodAttributes (188ms)
			AfterProcessingInitializeOnLoad (10ms)
		AwakeInstancesAfterBackupRestoration (26ms)
Refreshing native plugins compatible for Editor in 12.55 ms, found 10 plugins.
Unloading 24 Unused Serialized files (Serialized files now loaded: 0)
Unloading 7705 unused Assets / (6.3 MB). Loaded Objects now: 8611.
Memory consumption went from 224.7 MB to 218.4 MB.
Total: 16.796000 ms (FindLiveObjects: 1.388100 ms CreateObjectMapping: 1.513200 ms MarkObjects: 8.843600 ms  DeleteObjects: 5.049400 ms)

Prepare: number of updated asset objects reloaded= 0
========================================================================
Received Import Request.
  Time since last request: 84.516122 seconds.
  path: Assets/UIManager.cs
  importAddress: Guid(ba3ce0ccebd80eb4cba70d7802c570f8) Importer(815301076,1909f56bfc062723c751e8b465ee728b)
Start importing Assets/UIManager.cs using Guid(ba3ce0ccebd80eb4cba70d7802c570f8) Importer(815301076,1909f56bfc062723c751e8b465ee728b) (PreviewImporter) -> (Import Result ID: '77aaf5a08e296c2a97233daa2c32725c') in 0.0025145 seconds [static and dynamic dependencies]. Details - ImportResultOutputID=556eaaf6862bec1e0759c9278c00628d DependenciesID=b360c479d08a4fa559f5631d027013ea StaticDependenciesID=44957114ee7cb7f3bdd07922b11564b8 
Number of updated asset objects reloaded before import = 0Number of asset objects unloaded after import = 0

========================================================================
Received Import Request.
  Time since last request: 2479.526232 seconds.
  path: Assets/TextMesh Pro/Examples & Extras/Resources/Fonts & Materials/Roboto-Bold SDF.asset
  importAddress: Guid(5302535af1044152a457ed104f1f4b91) Importer(2089858483,b0f066a214c2f5e87bad3c948f4d605d)
Start importing Assets/TextMesh Pro/Examples & Extras/Resources/Fonts & Materials/Roboto-Bold SDF.asset using Guid(5302535af1044152a457ed104f1f4b91) Importer(2089858483,b0f066a214c2f5e87bad3c948f4d605d) (ScriptedImporter) -> (Import Result ID: 'c4570a5c7447b538775fc9d2ca9d8dce') in 0.3734687 seconds [static and dynamic dependencies]. Details - ImportResultOutputID=9fafc9158267cf0fae132bac4107d4fe DependenciesID=1c4f809413459b9c2a4fc06e23e2d1e4 StaticDependenciesID=f341b92763da2ca795beb86a01edf277 
Number of updated asset objects reloaded before import = 0Number of asset objects unloaded after import = 5

========================================================================
Received Import Request.
  Time since last request: 0.000105 seconds.
  path: Assets/XRI/Settings/Resources/XRDeviceSimulatorSettings.asset
  importAddress: Guid(2ace84e16bf234f4cbbdb48f189d08b1) Importer(2089858483,b0f066a214c2f5e87bad3c948f4d605d)
Start importing Assets/XRI/Settings/Resources/XRDeviceSimulatorSettings.asset using Guid(2ace84e16bf234f4cbbdb48f189d08b1) Importer(2089858483,b0f066a214c2f5e87bad3c948f4d605d) (ScriptedImporter) -> (Import Result ID: 'cfef074a5420c523554c187f3fb49c32') in 0.153311 seconds [static and dynamic dependencies]. Details - ImportResultOutputID=3b163027913dffb912813184805b672d DependenciesID=b0915a636fa5783d7e91cd5e000a42d7 StaticDependenciesID=261fe2ed1c850f6f37ef7b9c30b08c9b 
Number of updated asset objects reloaded before import = 0Number of asset objects unloaded after import = 1466

Editor requested this worker to shutdown with reason: Scaling down because of idle timeout
AssetImportWorker is now disconnected from the server
Process exiting
Exiting without the bug reporter. Application will terminate with return code 0